[0m2021.05.05 13:02:05 INFO  Started: Metals version 0.10.2 in workspace '/home/dmitry/gooProj/expressionprogram' for client vscode 1.55.2.[0m
[0m2021.05.05 13:02:08 INFO  time: initialize in 3.12s[0m
[0m2021.05.05 13:02:09 WARN  Build server is not auto-connectable.[0m
[0m2021.05.05 13:02:09 WARN  no build target for: /home/dmitry/gooProj/expressionprogram/build.sbt[0m
[0m2021.05.05 13:02:16 INFO  no build target: using presentation compiler with only scala-library: 2.12.13[0m
[0m2021.05.05 13:02:19 INFO  time: code lens generation in 9.28s[0m
[0m2021.05.05 13:02:19 INFO  running '/home/dmitry/.sdkman/candidates/java/current/bin/java -Djline.terminal=jline.UnsupportedTerminal -Dsbt.log.noformat=true -Dfile.encoding=UTF-8 -jar /tmp/metals9906697200554746222/sbt-launch.jar -Dbloop.export-jar-classifiers=sources bloopInstall'[0m
[0m2021.05.05 13:02:20 WARN  no build target for: /home/dmitry/gooProj/expressionprogram/project/metals.sbt[0m
[0m2021.05.05 13:02:20 WARN  no build target for: /home/dmitry/gooProj/expressionprogram/project/project/metals.sbt[0m
[0m2021.05.05 13:02:20 INFO  skipping build import with status 'Started'[0m
[0m2021.05.05 13:02:26 INFO  [info] welcome to sbt 1.5.0 (AdoptOpenJDK Java 11.0.8)[0m
[0m2021.05.05 13:02:32 INFO  [info] loading global plugins from /home/dmitry/.sbt/1.0/plugins[0m
[0m2021.05.05 13:02:46 INFO  [info] loading settings for project expressionprogram-build-build from metals.sbt ...[0m
[0m2021.05.05 13:02:46 INFO  [info] loading project definition from /home/dmitry/gooProj/expressionprogram/project/project[0m
[0m2021.05.05 13:03:03 INFO  [info] loading settings for project expressionprogram-build from metals.sbt ...[0m
[0m2021.05.05 13:03:03 INFO  [info] loading project definition from /home/dmitry/gooProj/expressionprogram/project[0m
[0m2021.05.05 13:03:11 INFO  [success] Generated .bloop/expressionprogram-build.json[0m
[0m2021.05.05 13:03:11 INFO  [success] Total time: 8 s, completed May 5, 2021, 1:03:12 PM[0m
[0m2021.05.05 13:03:17 INFO  [info] loading settings for project expressionprogram from build.sbt ...[0m
[0m2021.05.05 13:03:17 INFO  [info] set current project to hello-world (in build file:/home/dmitry/gooProj/expressionprogram/)[0m
[0m2021.05.05 13:03:19 INFO  [success] Generated .bloop/expressionprogram.json[0m
[0m2021.05.05 13:03:19 INFO  [success] Generated .bloop/expressionprogram-test.json[0m
[0m2021.05.05 13:03:19 INFO  [success] Total time: 1 s, completed May 5, 2021, 1:03:19 PM[0m
[0m2021.05.05 13:03:19 INFO  sbt bloopInstall exit: 0[0m
[0m2021.05.05 13:03:19 INFO  time: ran 'sbt bloopInstall' in 59s[0m
[0m2021.05.05 13:03:19 INFO  Attempting to connect to the build server...[0m
Starting the bsp launcher for bloop...
Opening a bsp server connection with 'bsp --protocol local --socket /tmp/bsp-launcher1421488545682417865/bsp.socket'...
Waiting for the bsp connection to come up...
[0m[32m[D][0m Loading 2 projects from '/home/dmitry/gooProj/expressionprogram/.bloop'...
[0m[32m[D][0m Loading project from '/home/dmitry/gooProj/expressionprogram/.bloop/expressionprogram.json'
[0m[32m[D][0m Cache miss for scala instance org.scala-lang:scala-compiler:2.13.3.
[0m[32m[D][0m   => /home/dmitry/.cache/coursier/v1/https/repo1.maven.org/maven2/net/java/dev/jna/jna/5.3.1/jna-5.3.1.jar
[0m[32m[D][0m   => /home/dmitry/.cache/coursier/v1/https/repo1.maven.org/maven2/org/jline/jline/3.15.0/jline-3.15.0.jar
[0m[32m[D][0m   => /home/dmitry/.cache/coursier/v1/https/repo1.maven.org/maven2/org/scala-lang/scala-compiler/2.13.3/scala-compiler-2.13.3.jar
[0m[32m[D][0m   => /home/dmitry/.cache/coursier/v1/https/repo1.maven.org/maven2/org/scala-lang/scala-library/2.13.3/scala-library-2.13.3.jar
[0m[32m[D][0m   => /home/dmitry/.cache/coursier/v1/https/repo1.maven.org/maven2/org/scala-lang/scala-reflect/2.13.3/scala-reflect-2.13.3.jar
[0m[32m[D][0m Loading project from '/home/dmitry/gooProj/expressionprogram/.bloop/expressionprogram-test.json'
[0m[32m[D][0m Missing analysis file for project 'expressionprogram-test'
[0m[32m[D][0m Missing analysis file for project 'expressionprogram'
[0m[32m[D][0m Waiting for a connection at local:///tmp/bsp-launcher1421488545682417865/bsp.socket...
The server is listening for incoming connections at local:///tmp/bsp-launcher1421488545682417865/bsp.socket...
Starting thread that pumps stdin and redirects it to the bsp server...
Starting thread that pumps server stdout and redirects it to the client stdout...
[0m2021.05.05 13:03:20 INFO  tracing is disabled for protocol BSP, to enable tracing of incoming and outgoing JSON messages create an empty file at /home/dmitry/.cache/metals/bsp.trace.json[0m
[0m2021.05.05 13:03:37 INFO  Attempting to connect to the build server...[0m
Starting the bsp launcher for bloop...
Opening a bsp server connection with 'bsp --protocol local --socket /tmp/bsp-launcher684625149706013847/bsp.socket'...
Waiting for the bsp connection to come up...
[0m[32m[D][0m Loading workspace settings from bloop.settings.json
[0m[32m[D][0m Waiting for a connection at local:///tmp/bsp-launcher684625149706013847/bsp.socket...
The server is listening for incoming connections at local:///tmp/bsp-launcher684625149706013847/bsp.socket...
Starting thread that pumps stdin and redirects it to the bsp server...
Starting thread that pumps server stdout and redirects it to the client stdout...
[0m2021.05.05 13:03:37 INFO  tracing is disabled for protocol BSP, to enable tracing of incoming and outgoing JSON messages create an empty file at /home/dmitry/.cache/metals/bsp.trace.json[0m
[0m2021.05.05 13:03:37 INFO  time: Connected to build server in 17s[0m
[0m2021.05.05 13:03:37 INFO  Connected to Build server: Bloop v1.4.8-19-4d9f966b[0m
[0m2021.05.05 13:03:40 INFO  time: code lens generation in 2.3s[0m
[0m2021.05.05 13:03:44 INFO  time: indexed workspace in 7.28s[0m
[0m2021.05.05 13:04:53 INFO  running '/home/dmitry/.sdkman/candidates/java/current/bin/java -Djline.terminal=jline.UnsupportedTerminal -Dsbt.log.noformat=true -Dfile.encoding=UTF-8 -jar /tmp/metals13307452195465073653/sbt-launch.jar -Dbloop.export-jar-classifiers=sources bloopInstall'[0m
[0m2021.05.05 13:04:56 INFO  [info] welcome to sbt 1.5.0 (AdoptOpenJDK Java 11.0.8)[0m
[0m2021.05.05 13:04:59 INFO  [info] loading global plugins from /home/dmitry/.sbt/1.0/plugins[0m
[0m2021.05.05 13:05:02 INFO  [info] loading settings for project expressionprogram-build-build from metals.sbt ...[0m
[0m2021.05.05 13:05:02 INFO  [info] loading project definition from /home/dmitry/gooProj/expressionprogram/project/project[0m
[0m2021.05.05 13:05:03 INFO  [info] loading settings for project expressionprogram-build from metals.sbt ...[0m
[0m2021.05.05 13:05:03 INFO  [info] loading project definition from /home/dmitry/gooProj/expressionprogram/project[0m
[0m2021.05.05 13:05:08 INFO  [success] Generated .bloop/expressionprogram-build.json[0m
[0m2021.05.05 13:05:08 INFO  [success] Total time: 5 s, completed May 5, 2021, 1:05:09 PM[0m
[0m2021.05.05 13:05:14 INFO  [info] loading settings for project expressionprogram from build.sbt ...[0m
[0m2021.05.05 13:05:14 INFO  [info] set current project to hello-world (in build file:/home/dmitry/gooProj/expressionprogram/)[0m
[0m2021.05.05 13:05:17 INFO  [success] Generated .bloop/expressionprogram.json[0m
[0m2021.05.05 13:05:17 INFO  [success] Generated .bloop/expressionprogram-test.json[0m
[0m2021.05.05 13:05:17 INFO  [success] Total time: 2 s, completed May 5, 2021, 1:05:17 PM[0m
[0m2021.05.05 13:05:17 INFO  sbt bloopInstall exit: 0[0m
[0m2021.05.05 13:05:18 INFO  time: ran 'sbt bloopInstall' in 24s[0m
[0m2021.05.05 13:05:18 INFO  Disconnecting from Bloop session...[0m
[0m2021.05.05 13:05:18 INFO  Shut down connection with build server.[0m
No more data in the client stdin, exiting...
[0m2021.05.05 13:05:18 INFO  Shut down connection with build server.[0m
No more data in the client stdin, exiting...
No more data in the server stdin, exiting...
No more data in the server stdin, exiting...
No more data in the server stdin, exiting...
[0m2021.05.05 13:05:18 INFO  Attempting to connect to the build server...[0m
Starting the bsp launcher for bloop...
Opening a bsp server connection with 'bsp --protocol local --socket /tmp/bsp-launcher4205019123300698745/bsp.socket'...
Waiting for the bsp connection to come up...
[0m[32m[D][0m Loading workspace settings from bloop.settings.json
[0m[32m[D][0m Loading 2 projects from '/home/dmitry/gooProj/expressionprogram/.bloop'...
[0m[32m[D][0m Loading project from '/home/dmitry/gooProj/expressionprogram/.bloop/expressionprogram-test.json'
[0m[32m[D][0m Loading project from '/home/dmitry/gooProj/expressionprogram/.bloop/expressionprogram.json'
[0m[32m[D][0m Configured SemanticDB in projects 'expressionprogram-test', 'expressionprogram'
[0m[32m[D][0m Waiting for a connection at local:///tmp/bsp-launcher4205019123300698745/bsp.socket...
The server is listening for incoming connections at local:///tmp/bsp-launcher4205019123300698745/bsp.socket...
Starting thread that pumps stdin and redirects it to the bsp server...
Starting thread that pumps server stdout and redirects it to the client stdout...
[0m2021.05.05 13:05:18 INFO  tracing is disabled for protocol BSP, to enable tracing of incoming and outgoing JSON messages create an empty file at /home/dmitry/.cache/metals/bsp.trace.json[0m
[0m2021.05.05 13:05:18 INFO  Attempting to connect to the build server...[0m
Starting the bsp launcher for bloop...
Opening a bsp server connection with 'bsp --protocol local --socket /tmp/bsp-launcher8159188202922537024/bsp.socket'...
Waiting for the bsp connection to come up...
[0m[32m[D][0m Loading workspace settings from bloop.settings.json
[0m[32m[D][0m Waiting for a connection at local:///tmp/bsp-launcher8159188202922537024/bsp.socket...
The server is listening for incoming connections at local:///tmp/bsp-launcher8159188202922537024/bsp.socket...
Starting thread that pumps stdin and redirects it to the bsp server...
Starting thread that pumps server stdout and redirects it to the client stdout...
[0m2021.05.05 13:05:18 INFO  tracing is disabled for protocol BSP, to enable tracing of incoming and outgoing JSON messages create an empty file at /home/dmitry/.cache/metals/bsp.trace.json[0m
[0m2021.05.05 13:05:18 INFO  time: Connected to build server in 0.23s[0m
[0m2021.05.05 13:05:18 INFO  Connected to Build server: Bloop v1.4.8-19-4d9f966b[0m
[0m2021.05.05 13:05:21 INFO  time: indexed workspace in 2.34s[0m
[0m2021.05.05 13:07:36 INFO  compiling expressionprogram (2 scala sources)[0m
May 05, 2021 1:07:41 PM org.eclipse.lsp4j.jsonrpc.RemoteEndpoint fallbackResponseError
SEVERE: Internal error: java.lang.IllegalArgumentException: 159 is not a valid line number, allowed [0..2]
java.util.concurrent.CompletionException: java.lang.IllegalArgumentException: 159 is not a valid line number, allowed [0..2]
	at java.base/java.util.concurrent.CompletableFuture.encodeThrowable(CompletableFuture.java:331)
	at java.base/java.util.concurrent.CompletableFuture.completeThrowable(CompletableFuture.java:346)
	at java.base/java.util.concurrent.CompletableFuture$UniAccept.tryFire(CompletableFuture.java:704)
	at java.base/java.util.concurrent.CompletableFuture.postComplete(CompletableFuture.java:506)
	at java.base/java.util.concurrent.CompletableFuture.completeExceptionally(CompletableFuture.java:2088)
	at scala.meta.internal.metals.CancelTokens$.$anonfun$future$1(CancelTokens.scala:40)
	at scala.meta.internal.metals.CancelTokens$.$anonfun$future$1$adapted(CancelTokens.scala:38)
	at scala.concurrent.impl.CallbackRunnable.run(Promise.scala:64)
	at java.base/java.util.concurrent.ThreadPoolExecutor.runWorker(ThreadPoolExecutor.java:1128)
	at java.base/java.util.concurrent.ThreadPoolExecutor$Worker.run(ThreadPoolExecutor.java:628)
	at java.base/java.lang.Thread.run(Thread.java:834)
Caused by: java.lang.IllegalArgumentException: 159 is not a valid line number, allowed [0..2]
	at scala.meta.internal.inputs.InternalInput.lineToOffset(InternalInput.scala:37)
	at scala.meta.internal.inputs.InternalInput.lineToOffset$(InternalInput.scala:32)
	at scala.meta.inputs.Input$VirtualFile.lineToOffset(Input.scala:80)
	at scala.meta.inputs.Position$Range$.apply(Position.scala:59)
	at scala.meta.internal.mtags.MtagsEnrichments$XtensionPositionLspInverse.toMeta(MtagsEnrichments.scala:200)
	at scala.meta.internal.parsing.Trees.$anonfun$findLastEnclosingAt$5(Trees.scala:71)
	at scala.Option.flatMap(Option.scala:271)
	at scala.meta.internal.parsing.Trees.findLastEnclosingAt(Trees.scala:70)
	at scala.meta.internal.metals.codeactions.InsertInferredType.$anonfun$contribute$1(InsertInferredType.scala:80)
	at scala.concurrent.Future$.$anonfun$apply$1(Future.scala:659)
	at scala.util.Success.$anonfun$map$1(Try.scala:255)
	at scala.util.Success.map(Try.scala:213)
	at scala.concurrent.Future.$anonfun$map$1(Future.scala:292)
	at scala.concurrent.impl.Promise.liftedTree1$1(Promise.scala:33)
	at scala.concurrent.impl.Promise.$anonfun$transform$1(Promise.scala:33)
	... 4 more

[0m2021.05.05 13:07:43 INFO  time: compiled expressionprogram in 6.83s[0m
something's wrong: no file:///home/dmitry/gooProj/expressionprogram/src/main/scala/TagglessExp/Solution.scala in TagglessExp.Eval.Division.MonadErrorString[F]RangePosition(file:///home/dmitry/gooProj/expressionprogram/src/main/scala/TagglessExp/Solution.scala, 1004, 1004, 1022)
something's wrong: no file:///home/dmitry/gooProj/expressionprogram/src/main/scala/TagglessExp/Solution.scala in TagglessExp.Eval.Division.MonadErrorString[F]RangePosition(file:///home/dmitry/gooProj/expressionprogram/src/main/scala/TagglessExp/Solution.scala, 1004, 1004, 1022)
something's wrong: no file:///home/dmitry/gooProj/expressionprogram/src/main/scala/TagglessExp/Solution.scala in TagglessExp.Eval.Division.MonadErrorString[F]RangePosition(file:///home/dmitry/gooProj/expressionprogram/src/main/scala/TagglessExp/Solution.scala, 1004, 1004, 1022)
something's wrong: no file:///home/dmitry/gooProj/expressionprogram/src/main/scala/TagglessExp/Solution.scala in TagglessExp.Eval.Division.MonadErrorString[F]RangePosition(file:///home/dmitry/gooProj/expressionprogram/src/main/scala/TagglessExp/Solution.scala, 1004, 1004, 1022)
something's wrong: no file:///home/dmitry/gooProj/expressionprogram/src/main/scala/TagglessExp/Solution.scala in TagglessExp.Eval.Division.MonadErrorString[F]RangePosition(file:///home/dmitry/gooProj/expressionprogram/src/main/scala/TagglessExp/Solution.scala, 1004, 1004, 1022)
May 05, 2021 1:08:24 PM scala.meta.internal.pc.CompilerAccess retryWithCleanCompiler
INFO: compiler crashed due to an error in the Scala compiler, retrying with new compiler instance.
May 05, 2021 1:08:24 PM scala.meta.internal.pc.CompilerAccess handleError
SEVERE: null
java.lang.NullPointerException
	at scala.reflect.internal.Positions$DefaultPosAssigner.traverse(Positions.scala:376)
	at scala.reflect.internal.Positions$DefaultPosAssigner.traverse(Positions.scala:373)
	at scala.reflect.api.Trees$Traverser.traverseTrees(Trees.scala:2506)
	at scala.reflect.api.Trees$Traverser.traverseParams(Trees.scala:2514)
	at scala.reflect.internal.Trees$TypeDef.$anonfun$traverse$5(Trees.scala:483)
	at scala.reflect.api.Trees$Traverser.atOwner(Trees.scala:2529)
	at scala.reflect.internal.Trees$TypeDef.traverse(Trees.scala:480)
	at scala.reflect.internal.Positions$DefaultPosAssigner.traverse(Positions.scala:379)
	at scala.reflect.internal.Positions$DefaultPosAssigner.traverse(Positions.scala:373)
	at scala.reflect.api.Trees$Traverser.traverseTrees(Trees.scala:2506)
	at scala.reflect.api.Trees$Traverser.traverseParams(Trees.scala:2514)
	at scala.reflect.internal.Trees$TypeDef.$anonfun$traverse$5(Trees.scala:483)
	at scala.reflect.api.Trees$Traverser.atOwner(Trees.scala:2529)
	at scala.reflect.internal.Trees$TypeDef.traverse(Trees.scala:480)
	at scala.reflect.internal.Positions$DefaultPosAssigner.traverse(Positions.scala:379)
	at scala.reflect.internal.Positions$DefaultPosAssigner.traverse(Positions.scala:373)
	at scala.reflect.api.Trees$Traverser.$anonfun$traverseStats$2(Trees.scala:2520)
	at scala.reflect.api.Trees$Traverser.atOwner(Trees.scala:2529)
	at scala.reflect.api.Trees$Traverser.$anonfun$traverseStats$1(Trees.scala:2520)
	at scala.reflect.api.Trees$Traverser.traverseStats(Trees.scala:2519)
	at scala.reflect.internal.Trees$Template.traverse(Trees.scala:548)
	at scala.reflect.internal.Positions$DefaultPosAssigner.traverse(Positions.scala:379)
	at scala.reflect.internal.Positions$DefaultPosAssigner.traverse(Positions.scala:373)
	at scala.reflect.internal.Trees$CompoundTypeTree.traverse(Trees.scala:936)
	at scala.reflect.internal.Positions$DefaultPosAssigner.traverse(Positions.scala:379)
	at scala.reflect.internal.Positions$DefaultPosAssigner.traverse(Positions.scala:373)
	at scala.reflect.internal.Trees$SelectFromTypeTree.traverse(Trees.scala:925)
	at scala.reflect.internal.Positions$DefaultPosAssigner.traverse(Positions.scala:379)
	at scala.reflect.internal.Positions.atPos(Positions.scala:401)
	at scala.reflect.internal.Positions.atPos$(Positions.scala:398)
	at scala.reflect.internal.SymbolTable.atPos(SymbolTable.scala:28)
	at d_m.KindRewriter$MyTransformer.transform(KindProjector.scala:356)
	at d_m.KindRewriter$MyTransformer.transform(KindProjector.scala:38)
	at scala.reflect.internal.Trees$AppliedTypeTree.transform(Trees.scala:949)
	at scala.tools.nsc.transform.TypingTransformers$TypingTransformer.transform(TypingTransformers.scala:57)
	at d_m.KindRewriter$MyTransformer.handlePlaceholders$1(KindProjector.scala:286)
	at d_m.KindRewriter$MyTransformer.transform(KindProjector.scala:356)
	at d_m.KindRewriter$MyTransformer.transform(KindProjector.scala:38)
	at scala.reflect.internal.Trees$ValDef.$anonfun$transform$4(Trees.scala:433)
	at scala.reflect.api.Trees$Transformer.atOwner(Trees.scala:2625)
	at scala.tools.nsc.transform.TypingTransformers$TypingTransformer.atOwner(TypingTransformers.scala:43)
	at scala.tools.nsc.transform.TypingTransformers$TypingTransformer.atOwner(TypingTransformers.scala:38)
	at scala.tools.nsc.transform.TypingTransformers$TypingTransformer.atOwner(TypingTransformers.scala:32)
	at scala.reflect.internal.Trees$ValDef.transform(Trees.scala:432)
	at scala.tools.nsc.transform.TypingTransformers$TypingTransformer.transform(TypingTransformers.scala:57)
	at d_m.KindRewriter$MyTransformer.transform(KindProjector.scala:360)
	at d_m.KindRewriter$MyTransformer.transform(KindProjector.scala:38)
	at scala.reflect.api.Trees$Transformer.transformValDef(Trees.scala:2594)
	at scala.reflect.api.Trees$Transformer.transformValDefs(Trees.scala:2597)
	at scala.reflect.api.Trees$Transformer.transformValDefss(Trees.scala:2600)
	at scala.reflect.internal.Trees$DefDef.$anonfun$transform$5(Trees.scala:452)
	at scala.reflect.api.Trees$Transformer.atOwner(Trees.scala:2625)
	at scala.tools.nsc.transform.TypingTransformers$TypingTransformer.atOwner(TypingTransformers.scala:43)
	at scala.tools.nsc.transform.TypingTransformers$TypingTransformer.atOwner(TypingTransformers.scala:38)
	at scala.tools.nsc.transform.TypingTransformers$TypingTransformer.atOwner(TypingTransformers.scala:32)
	at scala.reflect.internal.Trees$DefDef.transform(Trees.scala:451)
	at scala.tools.nsc.transform.TypingTransformers$TypingTransformer.transform(TypingTransformers.scala:57)
	at d_m.KindRewriter$MyTransformer.transform(KindProjector.scala:360)
	at d_m.KindRewriter$MyTransformer.transform(KindProjector.scala:38)
	at scala.reflect.api.Trees$Transformer.$anonfun$transformStats$1(Trees.scala:2614)
	at scala.reflect.api.Trees$Transformer.transformStats(Trees.scala:2612)
	at scala.reflect.internal.Trees$Template.transform(Trees.scala:544)
	at scala.tools.nsc.transform.TypingTransformers$TypingTransformer.$anonfun$transform$1(TypingTransformers.scala:53)
	at scala.reflect.api.Trees$Transformer.atOwner(Trees.scala:2625)
	at scala.tools.nsc.transform.TypingTransformers$TypingTransformer.atOwner(TypingTransformers.scala:43)
	at scala.tools.nsc.transform.TypingTransformers$TypingTransformer.transform(TypingTransformers.scala:38)
	at d_m.KindRewriter$MyTransformer.transform(KindProjector.scala:360)
	at d_m.KindRewriter$MyTransformer.transform(KindProjector.scala:38)
	at scala.reflect.api.Trees$Transformer.transformTemplate(Trees.scala:2587)
	at scala.reflect.internal.Trees$ModuleDef.$anonfun$transform$3(Trees.scala:396)
	at scala.reflect.api.Trees$Transformer.atOwner(Trees.scala:2625)
	at scala.tools.nsc.transform.TypingTransformers$TypingTransformer.atOwner(TypingTransformers.scala:43)
	at scala.tools.nsc.transform.TypingTransformers$TypingTransformer.atOwner(TypingTransformers.scala:38)
	at scala.tools.nsc.transform.TypingTransformers$TypingTransformer.atOwner(TypingTransformers.scala:32)
	at scala.reflect.internal.Trees$ModuleDef.transform(Trees.scala:395)
	at scala.tools.nsc.transform.TypingTransformers$TypingTransformer.transform(TypingTransformers.scala:57)
	at d_m.KindRewriter$MyTransformer.transform(KindProjector.scala:360)
	at d_m.KindRewriter$MyTransformer.transform(KindProjector.scala:38)
	at scala.reflect.api.Trees$Transformer.$anonfun$transformStats$1(Trees.scala:2614)
	at scala.reflect.api.Trees$Transformer.transformStats(Trees.scala:2612)
	at scala.reflect.internal.Trees$Template.transform(Trees.scala:544)
	at scala.tools.nsc.transform.TypingTransformers$TypingTransformer.$anonfun$transform$1(TypingTransformers.scala:53)
	at scala.reflect.api.Trees$Transformer.atOwner(Trees.scala:2625)
	at scala.tools.nsc.transform.TypingTransformers$TypingTransformer.atOwner(TypingTransformers.scala:43)
	at scala.tools.nsc.transform.TypingTransformers$TypingTransformer.transform(TypingTransformers.scala:38)
	at d_m.KindRewriter$MyTransformer.transform(KindProjector.scala:360)
	at d_m.KindRewriter$MyTransformer.transform(KindProjector.scala:38)
	at scala.reflect.api.Trees$Transformer.transformTemplate(Trees.scala:2587)
	at scala.reflect.internal.Trees$ModuleDef.$anonfun$transform$3(Trees.scala:396)
	at scala.reflect.api.Trees$Transformer.atOwner(Trees.scala:2625)
	at scala.tools.nsc.transform.TypingTransformers$TypingTransformer.atOwner(TypingTransformers.scala:43)
	at scala.tools.nsc.transform.TypingTransformers$TypingTransformer.atOwner(TypingTransformers.scala:38)
	at scala.tools.nsc.transform.TypingTransformers$TypingTransformer.atOwner(TypingTransformers.scala:32)
	at scala.reflect.internal.Trees$ModuleDef.transform(Trees.scala:395)
	at scala.tools.nsc.transform.TypingTransformers$TypingTransformer.transform(TypingTransformers.scala:57)
	at d_m.KindRewriter$MyTransformer.transform(KindProjector.scala:360)
	at d_m.KindRewriter$MyTransformer.transform(KindProjector.scala:38)
	at scala.reflect.api.Trees$Transformer.$anonfun$transformStats$1(Trees.scala:2614)
	at scala.reflect.api.Trees$Transformer.transformStats(Trees.scala:2612)
	at scala.reflect.internal.Trees$PackageDef.$anonfun$transform$1(Trees.scala:342)
	at scala.reflect.api.Trees$Transformer.atOwner(Trees.scala:2625)
	at scala.tools.nsc.transform.TypingTransformers$TypingTransformer.atOwner(TypingTransformers.scala:43)
	at scala.tools.nsc.transform.TypingTransformers$TypingTransformer.atOwner(TypingTransformers.scala:38)
	at scala.tools.nsc.transform.TypingTransformers$TypingTransformer.atOwner(TypingTransformers.scala:32)
	at scala.reflect.internal.Trees$PackageDef.transform(Trees.scala:342)
	at scala.tools.nsc.transform.TypingTransformers$TypingTransformer.$anonfun$transform$2(TypingTransformers.scala:55)
	at scala.reflect.api.Trees$Transformer.atOwner(Trees.scala:2625)
	at scala.tools.nsc.transform.TypingTransformers$TypingTransformer.atOwner(TypingTransformers.scala:43)
	at scala.tools.nsc.transform.TypingTransformers$TypingTransformer.transform(TypingTransformers.scala:38)
	at d_m.KindRewriter$MyTransformer.transform(KindProjector.scala:360)
	at scala.tools.nsc.ast.Trees$Transformer.transformUnit(Trees.scala:162)
	at scala.tools.nsc.transform.Transform$Phase.apply(Transform.scala:32)
	at scala.tools.nsc.Global$GlobalPhase.applyPhase(Global.scala:454)
	at scala.tools.nsc.Global$Run.$anonfun$compileLate$2(Global.scala:1656)
	at scala.tools.nsc.Global$Run.$anonfun$compileLate$2$adapted(Global.scala:1655)
	at scala.collection.IterableOnceOps.foreach(IterableOnce.scala:553)
	at scala.collection.IterableOnceOps.foreach$(IterableOnce.scala:551)
	at scala.collection.AbstractIterator.foreach(Iterator.scala:1279)
	at scala.tools.nsc.Global$Run.compileLate(Global.scala:1655)
	at scala.tools.nsc.interactive.Global.parseAndEnter(Global.scala:657)
	at scala.tools.nsc.interactive.Global.typedTreeAt(Global.scala:803)
	at scala.meta.internal.pc.SignatureHelpProvider.signatureHelp(SignatureHelpProvider.scala:23)

[0m2021.05.05 13:08:27 INFO  compiling expressionprogram (1 scala source)[0m
[0m2021.05.05 13:08:31 INFO  time: compiled expressionprogram in 4.14s[0m
[0m2021.05.05 13:16:12 INFO  Deduplicating compilation of expressionprogram from bsp client 'Metals 0.10.2' (since 10m 54.337s)[0m
[0m2021.05.05 13:16:13 INFO  tracing is disabled for protocol dap-server, to enable tracing of incoming and outgoing JSON messages create an empty file at /home/dmitry/.cache/metals/dap-server.trace.json[0m
[0m2021.05.05 13:16:13 INFO  tracing is disabled for protocol dap-client, to enable tracing of incoming and outgoing JSON messages create an empty file at /home/dmitry/.cache/metals/dap-client.trace.json[0m
[0m2021.05.05 13:16:13 INFO  Starting debug proxy for [TagglessExp.ExpressionConsole][0m
[0m2021.05.05 13:16:12 INFO  Listening for transport dt_socket at address: 57403[0m
[0m2021.05.05 13:16:12 INFO  Trying to attach to remote debuggee VM localhost:57403 .[0m
[0m2021.05.05 13:16:12 INFO  Attaching to debuggee VM succeeded.[0m
[0m2021.05.05 13:16:14 INFO  Right(-8)[0m
[0m2021.05.05 13:16:14 INFO  Canceling debug proxy for [TagglessExp.ExpressionConsole][0m
[0m2021.05.05 13:16:36 INFO  compiling expressionprogram (1 scala source)[0m
[0m2021.05.05 13:16:40 INFO  time: compiled expressionprogram in 3.48s[0m
May 05, 2021 1:17:05 PM org.eclipse.lsp4j.jsonrpc.RemoteEndpoint handleCancellation
WARNING: Unmatched cancel notification for request id 196
May 05, 2021 1:17:05 PM org.eclipse.lsp4j.jsonrpc.RemoteEndpoint handleCancellation
WARNING: Unmatched cancel notification for request id 197
[0m2021.05.05 13:17:20 INFO  compiling expressionprogram (1 scala source)[0m
[0m2021.05.05 13:17:22 INFO  time: compiled expressionprogram in 2.44s[0m
May 05, 2021 1:19:34 PM org.eclipse.lsp4j.jsonrpc.RemoteEndpoint handleCancellation
WARNING: Unmatched cancel notification for request id 311
[0m2021.05.05 13:19:39 INFO  compiling expressionprogram (1 scala source)[0m
[0m2021.05.05 13:19:42 INFO  time: compiled expressionprogram in 2.62s[0m
[0m2021.05.05 13:19:47 INFO  compiling expressionprogram (1 scala source)[0m
[0m2021.05.05 13:19:51 INFO  time: compiled expressionprogram in 3.48s[0m
[0m2021.05.05 13:19:52 INFO  compiling expressionprogram (1 scala source)[0m
[0m2021.05.05 13:19:54 INFO  time: compiled expressionprogram in 2.22s[0m
[0m2021.05.05 13:20:01 INFO  compiling expressionprogram (1 scala source)[0m
[0m2021.05.05 13:20:01 INFO  time: compiled expressionprogram in 0.66s[0m
[0m2021.05.05 13:20:59 INFO  compiling expressionprogram (1 scala source)[0m
[0m2021.05.05 13:21:01 INFO  time: compiled expressionprogram in 1.89s[0m
[0m2021.05.05 13:21:12 INFO  compiling expressionprogram (1 scala source)[0m
[0m2021.05.05 13:21:12 INFO  time: compiled expressionprogram in 0.38s[0m
May 05, 2021 1:21:44 PM org.eclipse.lsp4j.jsonrpc.RemoteEndpoint handleCancellation
WARNING: Unmatched cancel notification for request id 664
May 05, 2021 1:21:45 PM org.eclipse.lsp4j.jsonrpc.RemoteEndpoint handleCancellation
WARNING: Unmatched cancel notification for request id 668
[0m2021.05.05 13:21:57 INFO  compiling expressionprogram (1 scala source)[0m
[0m2021.05.05 13:21:57 INFO  time: compiled expressionprogram in 0.49s[0m
[0m2021.05.05 13:22:30 INFO  compiling expressionprogram (1 scala source)[0m
[0m2021.05.05 13:22:30 INFO  time: compiled expressionprogram in 0.37s[0m
[0m2021.05.05 13:22:40 INFO  compiling expressionprogram (1 scala source)[0m
[0m2021.05.05 13:22:40 INFO  time: compiled expressionprogram in 0.46s[0m
May 05, 2021 1:22:54 PM org.eclipse.lsp4j.jsonrpc.RemoteEndpoint handleCancellation
WARNING: Unmatched cancel notification for request id 1079
[0m2021.05.05 13:23:12 INFO  compiling expressionprogram (1 scala source)[0m
[0m2021.05.05 13:23:15 INFO  time: compiled expressionprogram in 2.5s[0m
[0m2021.05.05 13:25:09 INFO  compiling expressionprogram (1 scala source)[0m
[0m2021.05.05 13:25:11 INFO  time: compiled expressionprogram in 2.21s[0m
[0m2021.05.05 13:25:14 INFO  compiling expressionprogram (1 scala source)[0m
[0m2021.05.05 13:25:16 INFO  time: compiled expressionprogram in 1.67s[0m
something's wrong: no file:///home/dmitry/gooProj/expressionprogram/src/main/scala/TagglessExp/Solution.scala in F[T]RangePosition(file:///home/dmitry/gooProj/expressionprogram/src/main/scala/TagglessExp/Solution.scala, 148, 148, 152)
[0m2021.05.05 13:35:26 INFO  compiling expressionprogram (1 scala source)[0m
[0m2021.05.05 13:35:28 INFO  time: compiled expressionprogram in 2.26s[0m
[0m2021.05.05 13:35:34 INFO  compiling expressionprogram (1 scala source)[0m
[0m2021.05.05 13:35:36 INFO  time: compiled expressionprogram in 1.94s[0m
[0m2021.05.05 13:35:39 INFO  compiling expressionprogram (1 scala source)[0m
[0m2021.05.05 13:35:41 INFO  time: compiled expressionprogram in 1.91s[0m
[0m2021.05.05 13:35:46 INFO  compiling expressionprogram (1 scala source)[0m
[0m2021.05.05 13:35:48 INFO  time: compiled expressionprogram in 2.44s[0m
[0m2021.05.05 13:36:13 INFO  compiling expressionprogram (1 scala source)[0m
[0m2021.05.05 13:36:14 INFO  time: compiled expressionprogram in 1.7s[0m
[0m2021.05.05 13:36:36 INFO  compiling expressionprogram (1 scala source)[0m
[0m2021.05.05 13:36:38 INFO  time: compiled expressionprogram in 1.54s[0m
something's wrong: no file:///home/dmitry/gooProj/expressionprogram/src/main/scala/TagglessExp/Solution.scala in TagglessExp.Exp[F,Int]RangePosition(file:///home/dmitry/gooProj/expressionprogram/src/main/scala/TagglessExp/Solution.scala, 469, 469, 480)
something's wrong: no file:///home/dmitry/gooProj/expressionprogram/src/main/scala/TagglessExp/Solution.scala in TagglessExp.Exp[F,Int]RangePosition(file:///home/dmitry/gooProj/expressionprogram/src/main/scala/TagglessExp/Solution.scala, 469, 469, 480)
something's wrong: no file:///home/dmitry/gooProj/expressionprogram/src/main/scala/TagglessExp/Solution.scala in TagglessExp.Exp[F,Int]RangePosition(file:///home/dmitry/gooProj/expressionprogram/src/main/scala/TagglessExp/Solution.scala, 464, 464, 475)
something's wrong: no file:///home/dmitry/gooProj/expressionprogram/src/main/scala/TagglessExp/Solution.scala in TagglessExp.Exp[F,Int]RangePosition(file:///home/dmitry/gooProj/expressionprogram/src/main/scala/TagglessExp/Solution.scala, 464, 464, 475)
something's wrong: no file:///home/dmitry/gooProj/expressionprogram/src/main/scala/TagglessExp/Solution.scala in cats.Applicative[F]RangePosition(file:///home/dmitry/gooProj/expressionprogram/src/main/scala/TagglessExp/Solution.scala, 424, 424, 437)
something's wrong: no file:///home/dmitry/gooProj/expressionprogram/src/main/scala/TagglessExp/Solution.scala in cats.Applicative[F]RangePosition(file:///home/dmitry/gooProj/expressionprogram/src/main/scala/TagglessExp/Solution.scala, 424, 424, 437)
[0m2021.05.05 13:37:50 INFO  compiling expressionprogram (1 scala source)[0m
[0m2021.05.05 13:37:52 INFO  time: compiled expressionprogram in 1.5s[0m
May 05, 2021 1:38:16 PM scala.meta.internal.pc.CompilerAccess retryWithCleanCompiler
INFO: compiler crashed due to an error in the Scala compiler, retrying with new compiler instance.
[0m2021.05.05 13:38:42 INFO  compiling expressionprogram (1 scala source)[0m
[0m2021.05.05 13:38:44 INFO  time: compiled expressionprogram in 1.58s[0m
something's wrong: no file:///home/dmitry/gooProj/expressionprogram/src/main/scala/TagglessExp/Solution.scala in F[Int]RangePosition(file:///home/dmitry/gooProj/expressionprogram/src/main/scala/TagglessExp/Solution.scala, 669, 669, 675)
something's wrong: no file:///home/dmitry/gooProj/expressionprogram/src/main/scala/TagglessExp/Solution.scala in cats.Applicative[F]RangePosition(file:///home/dmitry/gooProj/expressionprogram/src/main/scala/TagglessExp/Solution.scala, 586, 586, 599)
[0m2021.05.05 13:38:56 INFO  compiling expressionprogram (1 scala source)[0m
[0m2021.05.05 13:38:58 INFO  time: compiled expressionprogram in 1.52s[0m
something's wrong: no file:///home/dmitry/gooProj/expressionprogram/src/main/scala/TagglessExp/Solution.scala in TagglessExp.Exp[F,Int]RangePosition(file:///home/dmitry/gooProj/expressionprogram/src/main/scala/TagglessExp/Solution.scala, 793, 793, 804)
[0m2021.05.05 13:39:22 INFO  compiling expressionprogram (1 scala source)[0m
[0m2021.05.05 13:39:22 INFO  time: compiled expressionprogram in 0.47s[0m
something's wrong: no file:///home/dmitry/gooProj/expressionprogram/src/main/scala/TagglessExp/Solution.scala in cats.Applicative[F]RangePosition(file:///home/dmitry/gooProj/expressionprogram/src/main/scala/TagglessExp/Solution.scala, 751, 751, 764)
[0m2021.05.05 13:39:29 INFO  compiling expressionprogram (1 scala source)[0m
[0m2021.05.05 13:39:29 INFO  time: compiled expressionprogram in 0.47s[0m
[0m2021.05.05 13:39:34 INFO  compiling expressionprogram (1 scala source)[0m
[0m2021.05.05 13:39:34 INFO  time: compiled expressionprogram in 0.5s[0m
something's wrong: no file:///home/dmitry/gooProj/expressionprogram/src/main/scala/TagglessExp/Solution.scala in TagglessExp.Exp[F,T]RangePosition(file:///home/dmitry/gooProj/expressionprogram/src/main/scala/TagglessExp/Solution.scala, 1832, 1832, 1841)
[0m2021.05.05 13:40:09 INFO  compiling expressionprogram (1 scala source)[0m
[0m2021.05.05 13:40:09 INFO  time: compiled expressionprogram in 0.46s[0m
[0m2021.05.05 13:40:30 INFO  compiling expressionprogram (1 scala source)[0m
[0m2021.05.05 13:40:30 INFO  time: compiled expressionprogram in 0.42s[0m
[0m2021.05.05 13:40:51 INFO  compiling expressionprogram (1 scala source)[0m
[0m2021.05.05 13:40:51 INFO  time: compiled expressionprogram in 0.48s[0m
[0m2021.05.05 13:41:09 INFO  compiling expressionprogram (1 scala source)[0m
[0m2021.05.05 13:41:09 INFO  time: compiled expressionprogram in 0.49s[0m
[0m2021.05.05 13:41:17 INFO  compiling expressionprogram (1 scala source)[0m
[0m2021.05.05 13:41:17 INFO  time: compiled expressionprogram in 0.39s[0m
something's wrong: no file:///home/dmitry/gooProj/expressionprogram/src/main/scala/TagglessExp/Solution.scala in TagglessExp.EvalProgram[F,T]RangePosition(file:///home/dmitry/gooProj/expressionprogram/src/main/scala/TagglessExp/Solution.scala, 2332, 2332, 2349)
something's wrong: no file:///home/dmitry/gooProj/expressionprogram/src/main/scala/TagglessExp/Solution.scala in TagglessExp.Exp[F,T]RangePosition(file:///home/dmitry/gooProj/expressionprogram/src/main/scala/TagglessExp/Solution.scala, 2248, 2248, 2257)
[0m2021.05.05 13:41:38 INFO  compiling expressionprogram (1 scala source)[0m
[0m2021.05.05 13:41:38 INFO  time: compiled expressionprogram in 0.6s[0m
[0m2021.05.05 13:41:52 INFO  compiling expressionprogram (1 scala source)[0m
[0m2021.05.05 13:41:52 INFO  time: compiled expressionprogram in 0.42s[0m
[0m2021.05.05 13:42:00 INFO  compiling expressionprogram (1 scala source)[0m
[0m2021.05.05 13:42:00 INFO  time: compiled expressionprogram in 0.43s[0m
[0m2021.05.05 13:42:10 INFO  compiling expressionprogram (1 scala source)[0m
[0m2021.05.05 13:42:10 INFO  time: compiled expressionprogram in 0.38s[0m
[0m2021.05.05 13:42:33 ERROR scalafmt: /home/dmitry/gooProj/expressionprogram/src/main/scala/TagglessExp/Solution.scala:121: error: identifier expected but : found
        D: Division[F, T]
         ^[0m
[0m2021.05.05 13:42:33 INFO  compiling expressionprogram (1 scala source)[0m
[0m2021.05.05 13:42:33 INFO  time: compiled expressionprogram in 0.21s[0m
[0m2021.05.05 13:42:46 ERROR scalafmt: /home/dmitry/gooProj/expressionprogram/src/main/scala/TagglessExp/Solution.scala:121: error: identifier expected but : found
        D: Division[F, T]
         ^[0m
[0m2021.05.05 13:42:46 INFO  compiling expressionprogram (1 scala source)[0m
[0m2021.05.05 13:42:46 INFO  time: compiled expressionprogram in 0.12s[0m
[0m2021.05.05 13:42:50 INFO  compiling expressionprogram (1 scala source)[0m
[0m2021.05.05 13:42:50 INFO  time: compiled expressionprogram in 0.38s[0m
May 05, 2021 1:42:54 PM scala.meta.internal.pc.CompilerAccess retryWithCleanCompiler
INFO: compiler crashed due to an error in the Scala compiler, retrying with new compiler instance.
[0m2021.05.05 13:43:10 INFO  compiling expressionprogram (1 scala source)[0m
[0m2021.05.05 13:43:10 INFO  time: compiled expressionprogram in 0.38s[0m
something's wrong: no file:///home/dmitry/gooProj/expressionprogram/src/main/scala/TagglessExp/Solution.scala in TagglessExp.Exp[F,T]RangePosition(file:///home/dmitry/gooProj/expressionprogram/src/main/scala/TagglessExp/Solution.scala, 3270, 3270, 3279)
[0m2021.05.05 13:43:24 INFO  compiling expressionprogram (1 scala source)[0m
[0m2021.05.05 13:43:24 INFO  time: compiled expressionprogram in 0.34s[0m
[0m2021.05.05 13:43:32 INFO  compiling expressionprogram (1 scala source)[0m
[0m2021.05.05 13:43:32 INFO  time: compiled expressionprogram in 0.49s[0m
[0m2021.05.05 13:43:50 INFO  compiling expressionprogram (1 scala source)[0m
[0m2021.05.05 13:43:50 INFO  time: compiled expressionprogram in 0.33s[0m
[0m2021.05.05 13:44:33 INFO  compiling expressionprogram (1 scala source)[0m
[0m2021.05.05 13:44:33 INFO  time: compiled expressionprogram in 0.28s[0m
[0m2021.05.05 13:45:33 INFO  compiling expressionprogram (1 scala source)[0m
[0m2021.05.05 13:45:33 INFO  time: compiled expressionprogram in 0.34s[0m
[0m2021.05.05 13:46:15 INFO  compiling expressionprogram (1 scala source)[0m
[0m2021.05.05 13:46:15 INFO  time: compiled expressionprogram in 0.56s[0m
May 05, 2021 1:46:22 PM org.eclipse.lsp4j.jsonrpc.RemoteEndpoint handleCancellation
WARNING: Unmatched cancel notification for request id 3888
May 05, 2021 1:46:22 PM org.eclipse.lsp4j.jsonrpc.RemoteEndpoint handleCancellation
WARNING: Unmatched cancel notification for request id 3889
May 05, 2021 1:46:22 PM org.eclipse.lsp4j.jsonrpc.RemoteEndpoint handleCancellation
WARNING: Unmatched cancel notification for request id 3892
[0m2021.05.05 13:46:56 INFO  compiling expressionprogram (1 scala source)[0m
[0m2021.05.05 13:46:56 INFO  time: compiled expressionprogram in 0.28s[0m
[0m2021.05.05 13:47:55 INFO  compiling expressionprogram (1 scala source)[0m
[0m2021.05.05 13:47:55 INFO  time: compiled expressionprogram in 0.32s[0m
[0m2021.05.05 13:48:09 ERROR scalafmt: /home/dmitry/gooProj/expressionprogram/src/main/scala/TagglessExp/Solution.scala:173: error: ; expected but ] found
    .dsl[Id, Int]](Const.dsl, Negation.dsl, Addition.dsl)
                 ^[0m
[0m2021.05.05 13:48:09 INFO  compiling expressionprogram (1 scala source)[0m
[0m2021.05.05 13:48:09 INFO  time: compiled expressionprogram in 0.11s[0m
[0m2021.05.05 13:48:21 ERROR scalafmt: /home/dmitry/gooProj/expressionprogram/src/main/scala/TagglessExp/Solution.scala:173: error: ; expected but ] found
    .dsl[Id, Int]](Const.dsl, Negation.dsl, Addition.dsl, Multiplication.dsl)
                 ^[0m
[0m2021.05.05 13:48:21 INFO  compiling expressionprogram (1 scala source)[0m
[0m2021.05.05 13:48:21 INFO  time: compiled expressionprogram in 0.16s[0m
[0m2021.05.05 13:48:34 ERROR scalafmt: /home/dmitry/gooProj/expressionprogram/src/main/scala/TagglessExp/Solution.scala:173: error: ; expected but ] found
    .dsl[Id, Int]](Const.dsl, Negation.dsl, Addition.dsl, Multiplication.dsl)
                 ^[0m
[0m2021.05.05 13:48:34 INFO  compiling expressionprogram (1 scala source)[0m
[0m2021.05.05 13:48:34 INFO  time: compiled expressionprogram in 94ms[0m
[0m2021.05.05 13:48:41 INFO  compiling expressionprogram (1 scala source)[0m
[0m2021.05.05 13:48:41 INFO  time: compiled expressionprogram in 0.33s[0m
[0m2021.05.05 13:48:58 INFO  compiling expressionprogram (1 scala source)[0m
[0m2021.05.05 13:48:58 INFO  time: compiled expressionprogram in 0.63s[0m
[0m2021.05.05 13:49:11 INFO  compiling expressionprogram (1 scala source)[0m
[0m2021.05.05 13:49:13 INFO  time: compiled expressionprogram in 1.67s[0m
[0m2021.05.05 13:49:29 INFO  compiling expressionprogram (1 scala source)[0m
[0m2021.05.05 13:49:31 INFO  time: compiled expressionprogram in 1.54s[0m
[0m2021.05.05 13:49:34 INFO  compiling expressionprogram (1 scala source)[0m
[0m2021.05.05 13:49:36 INFO  time: compiled expressionprogram in 1.89s[0m
[0m2021.05.05 13:49:41 INFO  compiling expressionprogram (1 scala source)[0m
[0m2021.05.05 13:49:43 INFO  time: compiled expressionprogram in 1.76s[0m
[0m2021.05.05 14:02:15 INFO  Deduplicating compilation of expressionprogram from bsp client 'Metals 0.10.2' (since 56m 57.381s)[0m
[0m2021.05.05 14:02:16 INFO  tracing is disabled for protocol dap-server, to enable tracing of incoming and outgoing JSON messages create an empty file at /home/dmitry/.cache/metals/dap-server.trace.json[0m
[0m2021.05.05 14:02:16 INFO  tracing is disabled for protocol dap-client, to enable tracing of incoming and outgoing JSON messages create an empty file at /home/dmitry/.cache/metals/dap-client.trace.json[0m
[0m2021.05.05 14:02:16 INFO  Starting debug proxy for [TagglessExp.ExpressionConsole][0m
[0m2021.05.05 14:02:15 INFO  Listening for transport dt_socket at address: 54985[0m
[0m2021.05.05 14:02:15 INFO  Trying to attach to remote debuggee VM localhost:54985 .[0m
[0m2021.05.05 14:02:15 INFO  Attaching to debuggee VM succeeded.[0m
[0m2021.05.05 14:02:17 INFO  -8[0m
[0m2021.05.05 14:02:17 INFO  -26[0m
[0m2021.05.05 14:02:17 INFO  Right(-13)[0m
[0m2021.05.05 14:02:17 INFO  Right(-13)[0m
[0m2021.05.05 14:02:17 INFO  Canceling debug proxy for [TagglessExp.ExpressionConsole][0m
[0m2021.05.05 14:02:50 INFO  compiling expressionprogram (1 scala source)[0m
[0m2021.05.05 14:02:50 INFO  Deduplicating compilation of expressionprogram from bsp client 'Metals 0.10.2' (since 57m 32.263s)[0m
[0m2021.05.05 14:02:50 INFO  compiling expressionprogram (1 scala source)[0m
[0m2021.05.05 14:02:52 INFO  time: compiled expressionprogram in 1.75s[0m
[0m2021.05.05 14:02:52 INFO  tracing is disabled for protocol dap-server, to enable tracing of incoming and outgoing JSON messages create an empty file at /home/dmitry/.cache/metals/dap-server.trace.json[0m
[0m2021.05.05 14:02:52 INFO  tracing is disabled for protocol dap-client, to enable tracing of incoming and outgoing JSON messages create an empty file at /home/dmitry/.cache/metals/dap-client.trace.json[0m
[0m2021.05.05 14:02:52 INFO  Starting debug proxy for [TagglessExp.ExpressionConsole][0m
[0m2021.05.05 14:02:52 INFO  Listening for transport dt_socket at address: 60461[0m
[0m2021.05.05 14:02:52 INFO  Trying to attach to remote debuggee VM localhost:60461 .[0m
[0m2021.05.05 14:02:52 INFO  Attaching to debuggee VM succeeded.[0m
[0m2021.05.05 14:02:52 INFO  -8[0m
[0m2021.05.05 14:02:52 INFO  -26[0m
[0m2021.05.05 14:02:53 INFO  Right(-13)[0m
[0m2021.05.05 14:02:53 INFO  Left(error while division by zero)[0m
[0m2021.05.05 14:02:54 INFO  Canceling debug proxy for [TagglessExp.ExpressionConsole][0m
something's wrong: no file:///home/dmitry/gooProj/expressionprogram/src/main/scala/TagglessExp/Solution.scala in TagglessExp.Multiplication[F,T]RangePosition(file:///home/dmitry/gooProj/expressionprogram/src/main/scala/TagglessExp/Solution.scala, 3904, 3904, 3924)
[0m2021.05.05 14:05:26 INFO  compiling expressionprogram (1 scala source)[0m
[0m2021.05.05 14:05:28 INFO  time: compiled expressionprogram in 1.77s[0m
May 05, 2021 2:05:32 PM org.eclipse.lsp4j.jsonrpc.RemoteEndpoint handleCancellation
WARNING: Unmatched cancel notification for request id 4721
May 05, 2021 2:05:32 PM org.eclipse.lsp4j.jsonrpc.RemoteEndpoint handleCancellation
WARNING: Unmatched cancel notification for request id 4718
[0m2021.05.05 14:05:37 INFO  compiling expressionprogram (1 scala source)[0m
[0m2021.05.05 14:05:39 INFO  time: compiled expressionprogram in 2.2s[0m
[0m2021.05.05 14:05:41 INFO  Deduplicating compilation of expressionprogram from bsp client 'Metals 0.10.2' (since 1h 23.176s)[0m
[0m2021.05.05 14:05:41 INFO  tracing is disabled for protocol dap-server, to enable tracing of incoming and outgoing JSON messages create an empty file at /home/dmitry/.cache/metals/dap-server.trace.json[0m
[0m2021.05.05 14:05:41 INFO  tracing is disabled for protocol dap-client, to enable tracing of incoming and outgoing JSON messages create an empty file at /home/dmitry/.cache/metals/dap-client.trace.json[0m
[0m2021.05.05 14:05:41 INFO  Starting debug proxy for [TagglessExp.ExpressionConsole][0m
[0m2021.05.05 14:05:41 INFO  Listening for transport dt_socket at address: 45093[0m
[0m2021.05.05 14:05:41 INFO  Trying to attach to remote debuggee VM localhost:45093 .[0m
[0m2021.05.05 14:05:41 INFO  Attaching to debuggee VM succeeded.[0m
[0m2021.05.05 14:05:41 INFO  -8[0m
[0m2021.05.05 14:05:41 INFO  -26[0m
[0m2021.05.05 14:05:42 INFO  Right(-13)[0m
[0m2021.05.05 14:05:42 INFO  Left(error while division by zero)[0m
[0m2021.05.05 14:05:42 INFO  Left(non-integer division)[0m
[0m2021.05.05 14:05:43 INFO  Canceling debug proxy for [TagglessExp.ExpressionConsole][0m
[0m2021.05.05 14:07:03 INFO  compiling expressionprogram (1 scala source)[0m
[0m2021.05.05 14:07:05 INFO  time: compiled expressionprogram in 2.44s[0m
[0m2021.05.05 14:07:07 INFO  tracing is disabled for protocol dap-server, to enable tracing of incoming and outgoing JSON messages create an empty file at /home/dmitry/.cache/metals/dap-server.trace.json[0m
[0m2021.05.05 14:07:07 INFO  tracing is disabled for protocol dap-client, to enable tracing of incoming and outgoing JSON messages create an empty file at /home/dmitry/.cache/metals/dap-client.trace.json[0m
[0m2021.05.05 14:07:07 INFO  Starting debug proxy for [TagglessExp.ExpressionConsole][0m
[0m2021.05.05 14:07:07 INFO  Listening for transport dt_socket at address: 35339[0m
[0m2021.05.05 14:07:07 INFO  Trying to attach to remote debuggee VM localhost:35339 .[0m
[0m2021.05.05 14:07:07 INFO  Attaching to debuggee VM succeeded.[0m
[0m2021.05.05 14:07:07 INFO  -8[0m
[0m2021.05.05 14:07:07 INFO  -26[0m
[0m2021.05.05 14:07:07 INFO  Right(-13)[0m
[0m2021.05.05 14:07:07 INFO  Left(error while division -26 / 0)[0m
[0m2021.05.05 14:07:07 INFO  Left( -26 / 5 non-integer division)[0m
[0m2021.05.05 14:07:08 INFO  Canceling debug proxy for [TagglessExp.ExpressionConsole][0m
May 05, 2021 2:08:22 PM org.eclipse.lsp4j.jsonrpc.RemoteEndpoint handleCancellation
WARNING: Unmatched cancel notification for request id 5079
May 05, 2021 2:08:22 PM org.eclipse.lsp4j.jsonrpc.RemoteEndpoint handleCancellation
WARNING: Unmatched cancel notification for request id 5083
[0m2021.05.05 14:08:31 INFO  compiling expressionprogram (1 scala source)[0m
[0m2021.05.05 14:08:34 INFO  time: compiled expressionprogram in 2.49s[0m
[0m2021.05.05 14:08:38 INFO  tracing is disabled for protocol dap-server, to enable tracing of incoming and outgoing JSON messages create an empty file at /home/dmitry/.cache/metals/dap-server.trace.json[0m
[0m2021.05.05 14:08:38 INFO  tracing is disabled for protocol dap-client, to enable tracing of incoming and outgoing JSON messages create an empty file at /home/dmitry/.cache/metals/dap-client.trace.json[0m
[0m2021.05.05 14:08:38 INFO  Starting debug proxy for [TagglessExp.ExpressionConsole][0m
[0m2021.05.05 14:08:38 INFO  Listening for transport dt_socket at address: 33437[0m
[0m2021.05.05 14:08:38 INFO  Trying to attach to remote debuggee VM localhost:33437 .[0m
[0m2021.05.05 14:08:38 INFO  Attaching to debuggee VM succeeded.[0m
[0m2021.05.05 14:08:38 INFO  -8[0m
[0m2021.05.05 14:08:38 INFO  -26[0m
[0m2021.05.05 14:08:38 INFO  Right(-13)[0m
[0m2021.05.05 14:08:38 INFO  Left(zero division error in expression- -26 / 0)[0m
[0m2021.05.05 14:08:38 INFO  Left(non-integer division error in expression - -26 / 5 )[0m
[0m2021.05.05 14:08:38 INFO  Canceling debug proxy for [TagglessExp.ExpressionConsole][0m
[0m2021.05.05 14:11:57 INFO  compiling expressionprogram (1 scala source)[0m
[0m2021.05.05 14:11:59 INFO  time: compiled expressionprogram in 2.21s[0m
[0m2021.05.05 14:12:04 INFO  Deduplicating compilation of expressionprogram from bsp client 'Metals 0.10.2' (since 1h 6m 46.072s)[0m
[0m2021.05.05 14:12:04 INFO  tracing is disabled for protocol dap-server, to enable tracing of incoming and outgoing JSON messages create an empty file at /home/dmitry/.cache/metals/dap-server.trace.json[0m
[0m2021.05.05 14:12:04 INFO  tracing is disabled for protocol dap-client, to enable tracing of incoming and outgoing JSON messages create an empty file at /home/dmitry/.cache/metals/dap-client.trace.json[0m
[0m2021.05.05 14:12:04 INFO  Starting debug proxy for [TagglessExp.ExpressionConsole][0m
[0m2021.05.05 14:12:04 INFO  Listening for transport dt_socket at address: 56381[0m
[0m2021.05.05 14:12:04 INFO  Trying to attach to remote debuggee VM localhost:56381 .[0m
[0m2021.05.05 14:12:04 INFO  Attaching to debuggee VM succeeded.[0m
[0m2021.05.05 14:12:04 INFO  -8[0m
[0m2021.05.05 14:12:04 INFO  -26[0m
[0m2021.05.05 14:12:05 INFO  Right(-13)[0m
[0m2021.05.05 14:12:05 INFO  Left(zero division error in expression -> -26 / 0 )[0m
[0m2021.05.05 14:12:05 INFO  Left(non-integer division error in expression -> -26 / 5 )[0m
[0m2021.05.05 14:12:05 INFO  Canceling debug proxy for [TagglessExp.ExpressionConsole][0m
[0m2021.05.05 14:22:16 INFO  compiling expressionprogram (1 scala source)[0m
[0m2021.05.05 14:22:16 INFO  time: compiled expressionprogram in 0.48s[0m
[0m2021.05.05 14:22:25 INFO  compiling expressionprogram (1 scala source)[0m
[0m2021.05.05 14:22:27 INFO  time: compiled expressionprogram in 1.98s[0m
[0m2021.05.05 14:22:31 INFO  Deduplicating compilation of expressionprogram from bsp client 'Metals 0.10.2' (since 1h 17m 12.614s)[0m
[0m2021.05.05 14:22:31 INFO  tracing is disabled for protocol dap-server, to enable tracing of incoming and outgoing JSON messages create an empty file at /home/dmitry/.cache/metals/dap-server.trace.json[0m
[0m2021.05.05 14:22:31 INFO  tracing is disabled for protocol dap-client, to enable tracing of incoming and outgoing JSON messages create an empty file at /home/dmitry/.cache/metals/dap-client.trace.json[0m
[0m2021.05.05 14:22:31 INFO  Starting debug proxy for [TagglessExp.ExpressionConsole][0m
[0m2021.05.05 14:22:31 INFO  Listening for transport dt_socket at address: 44079[0m
[0m2021.05.05 14:22:31 INFO  Trying to attach to remote debuggee VM localhost:44079 .[0m
[0m2021.05.05 14:22:31 INFO  Attaching to debuggee VM succeeded.[0m
[0m2021.05.05 14:22:31 INFO  -8[0m
[0m2021.05.05 14:22:31 INFO  -26[0m
[0m2021.05.05 14:22:32 INFO  Right(-13)[0m
[0m2021.05.05 14:22:32 INFO  Left(zero division error in expression -> -26 / 0 )[0m
[0m2021.05.05 14:22:32 INFO  Left(non-integer division error in expression -> -26 / 5 )[0m
[0m2021.05.05 14:22:32 INFO  Left(non-integer division error in expression -> -26 / 5 )[0m
[0m2021.05.05 14:22:32 INFO  Canceling debug proxy for [TagglessExp.ExpressionConsole][0m
something's wrong: no file:///home/dmitry/gooProj/expressionprogram/src/main/scala/TagglessExp/Solution.scala in cats.Apply[F]RangePosition(file:///home/dmitry/gooProj/expressionprogram/src/main/scala/TagglessExp/Solution.scala, 751, 751, 758)
something's wrong: no file:///home/dmitry/gooProj/expressionprogram/src/main/scala/TagglessExp/Solution.scala in cats.Apply[F]RangePosition(file:///home/dmitry/gooProj/expressionprogram/src/main/scala/TagglessExp/Solution.scala, 751, 751, 758)
[0m2021.05.05 14:23:15 INFO  compiling expressionprogram (1 scala source)[0m
[0m2021.05.05 14:23:16 INFO  time: compiled expressionprogram in 1.75s[0m
[0m2021.05.05 14:23:20 INFO  Deduplicating compilation of expressionprogram from bsp client 'Metals 0.10.2' (since 1h 18m 1.587s)[0m
[0m2021.05.05 14:23:20 INFO  tracing is disabled for protocol dap-server, to enable tracing of incoming and outgoing JSON messages create an empty file at /home/dmitry/.cache/metals/dap-server.trace.json[0m
[0m2021.05.05 14:23:20 INFO  tracing is disabled for protocol dap-client, to enable tracing of incoming and outgoing JSON messages create an empty file at /home/dmitry/.cache/metals/dap-client.trace.json[0m
[0m2021.05.05 14:23:20 INFO  Starting debug proxy for [TagglessExp.ExpressionConsole][0m
[0m2021.05.05 14:23:20 INFO  Listening for transport dt_socket at address: 58125[0m
[0m2021.05.05 14:23:20 INFO  Trying to attach to remote debuggee VM localhost:58125 .[0m
[0m2021.05.05 14:23:20 INFO  Attaching to debuggee VM succeeded.[0m
[0m2021.05.05 14:23:20 INFO  -8[0m
[0m2021.05.05 14:23:20 INFO  -26[0m
[0m2021.05.05 14:23:21 INFO  Right(-13)[0m
[0m2021.05.05 14:23:21 INFO  Left(zero division error in expression -> -26 / 0 )[0m
[0m2021.05.05 14:23:21 INFO  Left(non-integer division error in expression -> -26 / 5 )[0m
[0m2021.05.05 14:23:21 INFO  Left(non-integer division error in expression -> -26 / 5 )[0m
[0m2021.05.05 14:23:21 INFO  Canceling debug proxy for [TagglessExp.ExpressionConsole][0m
[0m2021.05.05 14:25:03 ERROR scalafmt: /home/dmitry/gooProj/expressionprogram/src/main/scala/TagglessExp/Solution.scala:203: error: ) expected but } found
      }
      ^[0m
[0m2021.05.05 14:25:03 INFO  compiling expressionprogram (1 scala source)[0m
[0m2021.05.05 14:25:03 INFO  time: compiled expressionprogram in 0.12s[0m
[0m2021.05.05 14:25:08 INFO  compiling expressionprogram (1 scala source)[0m
[0m2021.05.05 14:25:08 INFO  time: compiled expressionprogram in 0.39s[0m
[0m2021.05.05 14:25:22 ERROR scalafmt: /home/dmitry/gooProj/expressionprogram/src/main/scala/TagglessExp/Solution.scala:201: error: ; expected but ) found
          add(div(const(5), const(0)), div(const(4), const(3))))
                                                               ^[0m
[0m2021.05.05 14:25:22 INFO  compiling expressionprogram (1 scala source)[0m
[0m2021.05.05 14:25:22 INFO  time: compiled expressionprogram in 0.15s[0m
[0m2021.05.05 14:25:25 INFO  compiling expressionprogram (1 scala source)[0m
[0m2021.05.05 14:25:26 INFO  time: compiled expressionprogram in 1.73s[0m
[0m2021.05.05 14:26:05 INFO  compiling expressionprogram (1 scala source)[0m
[0m2021.05.05 14:26:07 INFO  time: compiled expressionprogram in 1.95s[0m
[0m2021.05.05 14:26:07 INFO  compiling expressionprogram (1 scala source)[0m
[0m2021.05.05 14:26:08 INFO  time: compiled expressionprogram in 0.93s[0m
[0m2021.05.05 14:26:19 INFO  compiling expressionprogram (1 scala source)[0m
[0m2021.05.05 14:26:21 INFO  time: compiled expressionprogram in 1.78s[0m
[0m2021.05.05 14:26:25 INFO  Deduplicating compilation of expressionprogram from bsp client 'Metals 0.10.2' (since 1h 21m 7.277s)[0m
[0m2021.05.05 14:26:25 INFO  tracing is disabled for protocol dap-server, to enable tracing of incoming and outgoing JSON messages create an empty file at /home/dmitry/.cache/metals/dap-server.trace.json[0m
[0m2021.05.05 14:26:25 INFO  Listening for transport dt_socket at address: 34109[0m
[0m2021.05.05 14:26:25 INFO  tracing is disabled for protocol dap-client, to enable tracing of incoming and outgoing JSON messages create an empty file at /home/dmitry/.cache/metals/dap-client.trace.json[0m
[0m2021.05.05 14:26:26 INFO  Starting debug proxy for [TagglessExp.ExpressionConsole][0m
[0m2021.05.05 14:26:25 INFO  Trying to attach to remote debuggee VM localhost:34109 .[0m
[0m2021.05.05 14:26:25 INFO  Attaching to debuggee VM succeeded.[0m
[0m2021.05.05 14:26:25 INFO  -8[0m
[0m2021.05.05 14:26:25 INFO  -26[0m
[0m2021.05.05 14:26:27 INFO  Right(-13)[0m
[0m2021.05.05 14:26:27 INFO  Left(zero division error in expression -> -26 / 0 )[0m
[0m2021.05.05 14:26:27 INFO  Left(non-integer division error in expression -> -26 / 5 )[0m
[0m2021.05.05 14:26:27 INFO  Left(zero division error in expression -> 5 / 0 non-integer division error in expression -> 4 / 3 )[0m
[0m2021.05.05 14:26:27 INFO  Canceling debug proxy for [TagglessExp.ExpressionConsole][0m
something's wrong: no file:///home/dmitry/gooProj/expressionprogram/src/main/scala/TagglessExp/Solution.scala in cats.Apply[F]RangePosition(file:///home/dmitry/gooProj/expressionprogram/src/main/scala/TagglessExp/Solution.scala, 751, 751, 758)
something's wrong: no file:///home/dmitry/gooProj/expressionprogram/src/main/scala/TagglessExp/Solution.scala in cats.NonEmptyParallel[F]RangePosition(file:///home/dmitry/gooProj/expressionprogram/src/main/scala/TagglessExp/Solution.scala, 758, 758, 776)
something's wrong: no file:///home/dmitry/gooProj/expressionprogram/src/main/scala/TagglessExp/Solution.scala in cats.NonEmptyParallel[F]RangePosition(file:///home/dmitry/gooProj/expressionprogram/src/main/scala/TagglessExp/Solution.scala, 758, 758, 776)
something's wrong: no file:///home/dmitry/gooProj/expressionprogram/src/main/scala/TagglessExp/Solution.scala in cats.Apply[F]RangePosition(file:///home/dmitry/gooProj/expressionprogram/src/main/scala/TagglessExp/Solution.scala, 751, 751, 758)
something's wrong: no file:///home/dmitry/gooProj/expressionprogram/src/main/scala/TagglessExp/Solution.scala in cats.Apply[F]RangePosition(file:///home/dmitry/gooProj/expressionprogram/src/main/scala/TagglessExp/Solution.scala, 1082, 1082, 1089)
[0m2021.05.05 14:27:20 INFO  compiling expressionprogram (1 scala source)[0m
[0m2021.05.05 14:27:22 INFO  time: compiled expressionprogram in 1.79s[0m
something's wrong: no file:///home/dmitry/gooProj/expressionprogram/src/main/scala/TagglessExp/Solution.scala in F[Int]RangePosition(file:///home/dmitry/gooProj/expressionprogram/src/main/scala/TagglessExp/Solution.scala, 1468, 1468, 1474)
[0m2021.05.05 14:28:10 INFO  compiling expressionprogram (1 scala source)[0m
[0m2021.05.05 14:28:12 INFO  time: compiled expressionprogram in 2.23s[0m
[0m2021.05.05 14:28:26 INFO  compiling expressionprogram (1 scala source)[0m
[0m2021.05.05 14:28:28 INFO  time: compiled expressionprogram in 2.34s[0m
[0m2021.05.05 14:31:46 INFO  compiling expressionprogram (1 scala source)[0m
[0m2021.05.05 14:31:46 INFO  time: compiled expressionprogram in 0.53s[0m
May 05, 2021 2:32:12 PM org.eclipse.lsp4j.jsonrpc.RemoteEndpoint handleCancellation
WARNING: Unmatched cancel notification for request id 6968
[0m2021.05.05 14:32:15 INFO  compiling expressionprogram (1 scala source)[0m
[0m2021.05.05 14:32:15 INFO  time: compiled expressionprogram in 0.53s[0m
[0m2021.05.05 14:32:38 INFO  compiling expressionprogram (1 scala source)[0m
[0m2021.05.05 14:32:38 INFO  time: compiled expressionprogram in 0.43s[0m
May 05, 2021 2:33:04 PM org.eclipse.lsp4j.jsonrpc.RemoteEndpoint handleCancellation
WARNING: Unmatched cancel notification for request id 7120
[0m2021.05.05 14:33:09 INFO  compiling expressionprogram (1 scala source)[0m
[0m2021.05.05 14:33:09 INFO  time: compiled expressionprogram in 0.63s[0m
[0m2021.05.05 14:33:15 INFO  compiling expressionprogram (1 scala source)[0m
[0m2021.05.05 14:33:15 INFO  time: compiled expressionprogram in 0.56s[0m
[0m2021.05.05 14:33:51 INFO  compiling expressionprogram (1 scala source)[0m
[0m2021.05.05 14:33:51 INFO  time: compiled expressionprogram in 0.46s[0m
May 05, 2021 2:34:15 PM org.eclipse.lsp4j.jsonrpc.RemoteEndpoint handleCancellation
WARNING: Unmatched cancel notification for request id 7332
[0m2021.05.05 14:34:22 INFO  compiling expressionprogram (1 scala source)[0m
[0m2021.05.05 14:34:22 INFO  time: compiled expressionprogram in 0.66s[0m
May 05, 2021 2:34:30 PM org.eclipse.lsp4j.jsonrpc.RemoteEndpoint handleCancellation
WARNING: Unmatched cancel notification for request id 7410
[0m2021.05.05 14:34:31 INFO  compiling expressionprogram (1 scala source)[0m
[0m2021.05.05 14:34:33 INFO  time: compiled expressionprogram in 2.13s[0m
[0m2021.05.05 14:34:44 INFO  Deduplicating compilation of expressionprogram from bsp client 'Metals 0.10.2' (since 1h 29m 25.699s)[0m
[0m2021.05.05 14:34:44 INFO  tracing is disabled for protocol dap-server, to enable tracing of incoming and outgoing JSON messages create an empty file at /home/dmitry/.cache/metals/dap-server.trace.json[0m
[0m2021.05.05 14:34:44 INFO  Listening for transport dt_socket at address: 53557[0m
[0m2021.05.05 14:34:44 INFO  tracing is disabled for protocol dap-client, to enable tracing of incoming and outgoing JSON messages create an empty file at /home/dmitry/.cache/metals/dap-client.trace.json[0m
[0m2021.05.05 14:34:44 INFO  Starting debug proxy for [TagglessExp.ExpressionConsole][0m
[0m2021.05.05 14:34:44 INFO  Trying to attach to remote debuggee VM localhost:53557 .[0m
[0m2021.05.05 14:34:44 INFO  Attaching to debuggee VM succeeded.[0m
[0m2021.05.05 14:34:44 INFO  -8[0m
[0m2021.05.05 14:34:44 INFO  -26[0m
[0m2021.05.05 14:34:45 INFO  Right(-13)[0m
[0m2021.05.05 14:34:45 INFO  Left(Chain(zero division error in expression -> -26 / 0 ))[0m
[0m2021.05.05 14:34:45 INFO  Left(Chain(non-integer division error in expression -> -26 / 5 ))[0m
[0m2021.05.05 14:34:45 INFO  Left(Chain(zero division error in expression -> 5 / 0 , non-integer division error in expression -> 4 / 3 ))[0m
[0m2021.05.05 14:34:45 INFO  Canceling debug proxy for [TagglessExp.ExpressionConsole][0m
[0m2021.05.05 16:02:10 INFO  compiling expressionprogram (1 scala source)[0m
[0m2021.05.05 16:02:13 INFO  time: compiled expressionprogram in 2.81s[0m
[0m2021.05.05 16:02:16 INFO  compiling expressionprogram (1 scala source)[0m
[0m2021.05.05 16:02:20 INFO  time: compiled expressionprogram in 4.12s[0m
something's wrong: no file:///home/dmitry/gooProj/expressionprogram/src/main/scala/TagglessExp/Solution.scala in cats.NonEmptyParallel[F]RangePosition(file:///home/dmitry/gooProj/expressionprogram/src/main/scala/TagglessExp/Solution.scala, 1108, 1108, 1126)
[0m2021.05.05 16:02:54 INFO  shutting down Metals[0m
[0m2021.05.05 16:02:54 INFO  Shut down connection with build server.[0m
No more data in the server stdin, exiting...
No more data in the server stdin, exiting...
No more data in the client stdin, exiting...
[0m2021.05.05 16:02:54 INFO  Shut down connection with build server.[0m
No more data in the client stdin, exiting...
No more data in the server stdin, exiting...
